<?xml version="1.0" encoding="UTF-8"?>
<!-- Generated by org.testng.reporters.JUnitReportReporter -->
<testsuite skipped="0" hostname="Menna" name="Testing.TrueFalseTest" tests="1" failures="0" timestamp="11 Mar 2017 05:18:56 GMT" time="0.031" errors="0">
  <testcase name="AddQuestion" time="0.031" classname="Testing.TrueFalseTest"/>
</testsuite> <!-- Testing.TrueFalseTest -->
