<?xml version="1.0" encoding="UTF-8"?>
<!-- Generated by org.testng.reporters.JUnitReportReporter -->
<testsuite skipped="0" hostname="Menna" name="Testing.ControllerTest" tests="3" failures="0" timestamp="10 Mar 2017 11:00:43 GMT" time="49.960" errors="0">
  <testcase name="setGame" time="0.001" classname="Testing.ControllerTest"/>
  <testcase name="setGame" time="18.018" classname="Testing.ControllerTest"/>
  <testcase name="setGame" time="31.941" classname="Testing.ControllerTest"/>
</testsuite> <!-- Testing.ControllerTest -->
